<?xml version="1.0" encoding="UTF-8"?>
<!-- Generated by org.testng.reporters.JUnitReportReporter -->
<testsuite hostname="DESKTOP-S8J6KDB" failures="0" tests="1" name="adApiTest.AdCreate" time="3.752" errors="0" timestamp="2022-02-27T17:02:01 CET" skipped="0">
  <testcase classname="adApiTest.AdCreate" name="CreateAd" time="3.752"/>
  <system-out/>
</testsuite> <!-- adApiTest.AdCreate -->
