<?xml version="1.0" encoding="UTF-8"?>
<!-- Generated by org.testng.reporters.JUnitReportReporter -->
<testsuite hostname="DESKTOP-S8J6KDB" failures="0" tests="3" name="adApiTest.TestCases" time="3.205" errors="0" timestamp="2022-02-27T18:42:33 CET" skipped="0">
  <testcase classname="adApiTest.TestCases" name="updateAdByName" time="0.499"/>
  <system-out/>
  <testcase classname="adApiTest.TestCases" name="updateAdByStreet" time="0.524"/>
  <system-out/>
  <testcase classname="adApiTest.TestCases" name="CreateNewAd" time="2.182"/>
  <system-out/>
</testsuite> <!-- adApiTest.TestCases -->
